<?xml version="1.0" encoding="UTF-8"?>
<!-- Generated by org.testng.reporters.JUnitXMLReporter -->
<testsuite hostname="DESKTOP-K830NH4" ignored="1" name="Default test" tests="2" failures="0" timestamp="16 nov 2018 19:17:44 GMT" time="0.023" errors="0">
  <testcase name="firstTest" time="0.006" classname="com.julyanajs.testing.SkipTest"/>
  <testcase name="secondtTest" time="0.001" classname="com.julyanajs.testing.SkipTest">
    <skipped/>
  </testcase> <!-- secondtTest -->
  <testcase name="thirdTest" time="0.0" classname="com.julyanajs.testing.SkipTest">
    <ignored/>
  </testcase> <!-- thirdTest -->
</testsuite> <!-- Default test -->
