<?xml version="1.0" encoding="UTF-8"?>
<testng-results skipped="0" failed="0" ignored="0" total="1" passed="1">
  <reporter-output>
  </reporter-output>
  <suite name="Default suite" duration-ms="23" started-at="2018-11-16T23:00:32Z" finished-at="2018-11-16T23:00:32Z">
    <groups>
    </groups>
    <test name="Default test" duration-ms="23" started-at="2018-11-16T23:00:32Z" finished-at="2018-11-16T23:00:32Z">
      <class name="com.julyanajs.testing.AssertionClass">
        <test-method status="PASS" signature="testSoftAssertVerifyAll()[pri:0, instance:com.julyanajs.testing.AssertionClass@4520ebad]" name="testSoftAssertVerifyAll" duration-ms="7" started-at="2018-11-16T23:00:32Z" finished-at="2018-11-16T23:00:32Z">
          <reporter-output>
          </reporter-output>
        </test-method> <!-- testSoftAssertVerifyAll -->
      </class> <!-- com.julyanajs.testing.AssertionClass -->
    </test> <!-- Default test -->
  </suite> <!-- Default suite -->
</testng-results>
